
=INFO REPORT==== 25-Oct-2017::15:46:31 ===
Starting RabbitMQ 3.6.12 on Erlang 17.5
Copyright (C) 2007-2017 Pivotal Software, Inc.
Licensed under the MPL.  See http://www.rabbitmq.com/

=INFO REPORT==== 25-Oct-2017::15:46:31 ===
node           : rabbit@Leons-MBP
home dir       : /Users/leondo
config file(s) : /Users/leondo/Desktop/rabbitmq_server-3.6.12/etc/rabbitmq/rabbitmq.config (not found)
cookie hash    : HwMEIH2dKC6nkoHJ0Ksh+w==
log            : /Users/leondo/Desktop/rabbitmq_server-3.6.12/var/log/rabbitmq/rabbit@Leons-MBP.log
sasl log       : /Users/leondo/Desktop/rabbitmq_server-3.6.12/var/log/rabbitmq/rabbit@Leons-MBP-sasl.log
database dir   : /Users/leondo/Desktop/rabbitmq_server-3.6.12/var/lib/rabbitmq/mnesia/rabbit@Leons-MBP

=INFO REPORT==== 25-Oct-2017::15:46:32 ===
Memory high watermark set to 6553 MiB (6871947673 bytes) of 16384 MiB (17179869184 bytes) total

=INFO REPORT==== 25-Oct-2017::15:46:32 ===
Enabling free disk space monitoring

=INFO REPORT==== 25-Oct-2017::15:46:32 ===
Disk free limit set to 50MB

=INFO REPORT==== 25-Oct-2017::15:46:32 ===
Limiting to approx 7068 file handles (6359 sockets)

=INFO REPORT==== 25-Oct-2017::15:46:32 ===
FHC read buffering:  OFF
FHC write buffering: ON

=INFO REPORT==== 25-Oct-2017::15:46:32 ===
Database directory at /Users/leondo/Desktop/rabbitmq_server-3.6.12/var/lib/rabbitmq/mnesia/rabbit@Leons-MBP is empty. Initialising from scratch...

=INFO REPORT==== 25-Oct-2017::15:46:32 ===
Waiting for Mnesia tables for 30000 ms, 9 retries left

=INFO REPORT==== 25-Oct-2017::15:46:32 ===
Waiting for Mnesia tables for 30000 ms, 9 retries left

=INFO REPORT==== 25-Oct-2017::15:46:32 ===
Waiting for Mnesia tables for 30000 ms, 9 retries left

=INFO REPORT==== 25-Oct-2017::15:46:32 ===
Priority queues enabled, real BQ is rabbit_variable_queue

=INFO REPORT==== 25-Oct-2017::15:46:32 ===
Starting rabbit_node_monitor

=INFO REPORT==== 25-Oct-2017::15:46:32 ===
Adding vhost '/'

=INFO REPORT==== 25-Oct-2017::15:46:32 ===
Creating user 'guest'

=INFO REPORT==== 25-Oct-2017::15:46:32 ===
Setting user tags for user 'guest' to [administrator]

=INFO REPORT==== 25-Oct-2017::15:46:32 ===
Setting permissions for 'guest' in '/' to '.*', '.*', '.*'

=INFO REPORT==== 25-Oct-2017::15:46:32 ===
msg_store_transient: using rabbit_msg_store_ets_index to provide index

=INFO REPORT==== 25-Oct-2017::15:46:32 ===
msg_store_persistent: using rabbit_msg_store_ets_index to provide index

=WARNING REPORT==== 25-Oct-2017::15:46:32 ===
msg_store_persistent: rebuilding indices from scratch

=INFO REPORT==== 25-Oct-2017::15:46:32 ===
started TCP Listener on [::]:5672

=INFO REPORT==== 25-Oct-2017::15:46:32 ===
Server startup complete; 0 plugins started.

=INFO REPORT==== 25-Oct-2017::15:46:49 ===
accepting AMQP connection <0.372.0> (127.0.0.1:49911 -> 127.0.0.1:5672)

=INFO REPORT==== 25-Oct-2017::15:46:49 ===
connection <0.372.0> (127.0.0.1:49911 -> 127.0.0.1:5672): user 'guest' authenticated and granted access to vhost '/'

=ERROR REPORT==== 25-Oct-2017::15:47:22 ===
** Generic server rabbit_disk_monitor terminating 
** Last message in was update
** When Server state == {state,"/Users/leondo/Desktop/rabbitmq_server-3.6.12/var/lib/rabbitmq/mnesia/rabbit@Leons-MBP",
                               50000000,356261900288,100,10000,
                               #Ref<0.0.0.1693>,false,true,10,120000}
** Reason for termination == 
** {{unparseable,[]},
    [{rabbit_disk_monitor,parse_free_unix,1,
                          [{file,"src/rabbit_disk_monitor.erl"},{line,230}]},
     {rabbit_disk_monitor,internal_update,1,
                          [{file,"src/rabbit_disk_monitor.erl"},{line,197}]},
     {rabbit_disk_monitor,handle_info,2,
                          [{file,"src/rabbit_disk_monitor.erl"},{line,169}]},
     {gen_server,try_dispatch,4,[{file,"gen_server.erl"},{line,593}]},
     {gen_server,handle_msg,5,[{file,"gen_server.erl"},{line,659}]},
     {proc_lib,init_p_do_apply,3,[{file,"proc_lib.erl"},{line,237}]}]}

=WARNING REPORT==== 25-Oct-2017::15:47:22 ===
Failed to get total system memory: 
badarg
[{erlang,list_to_integer,[[]],[]},
 {vm_memory_monitor,sysctl,1,[{file,"src/vm_memory_monitor.erl"},{line,509}]},
 {vm_memory_monitor,get_total_memory_from_os,0,
                    [{file,"src/vm_memory_monitor.erl"},{line,275}]},
 {rabbit_disk_monitor,enable,1,
                      [{file,"src/rabbit_disk_monitor.erl"},{line,274}]},
 {rabbit_disk_monitor,init,1,
                      [{file,"src/rabbit_disk_monitor.erl"},{line,132}]},
 {gen_server,init_it,6,[{file,"gen_server.erl"},{line,306}]},
 {proc_lib,init_p_do_apply,3,[{file,"proc_lib.erl"},{line,237}]}]

=INFO REPORT==== 25-Oct-2017::15:47:22 ===
ERROR: "Free disk space monitor encountered an error (e.g. failed to parse output from OS tools): ~p, retries left: ~s~n" - [{{'EXIT',
                                                                                                                                                        {unparseable,
                                                                                                                                                         []}},
                                                                                                                                                       unknown},
                                                                                                                                                      10]

=INFO REPORT==== 25-Oct-2017::15:47:39 ===
closing AMQP connection <0.372.0> (127.0.0.1:49911 -> 127.0.0.1:5672, vhost: '/', user: 'guest')

=ERROR REPORT==== 25-Oct-2017::15:47:41 ===
Error in process <0.468.0> on node 'rabbit@Leons-MBP' with exit value: {badarg,[{erlang,port_command,[#Port<0.12930>,[40,<<19 bytes>>,[10,41,32,60,47,100,101,118,47,110,117,108,108,59,32,101,99,104,111,32,32,34,4,34,10]]],[]},{os,'-unix_cmd/1-fun-0-',2,[{file,"os.erl"},{line,219}]}]}


=INFO REPORT==== 25-Oct-2017::15:48:18 ===
RabbitMQ is asked to stop...

=INFO REPORT==== 25-Oct-2017::15:48:18 ===
Stopping RabbitMQ applications and their dependencies in the following order:
    rabbit
    mnesia
    rabbit_common
    os_mon

=INFO REPORT==== 25-Oct-2017::15:48:18 ===
Stopping application 'rabbit'
=INFO REPORT==== 25-Oct-2017::15:48:18 ===
stopped TCP Listener on [::]:5672

=INFO REPORT==== 25-Oct-2017::15:48:18 ===
Stopping message store for directory '/Users/leondo/Desktop/rabbitmq_server-3.6.12/var/lib/rabbitmq/mnesia/rabbit@Leons-MBP/msg_store_persistent'
=ERROR REPORT==== 25-Oct-2017::15:48:18 ===
** Generic server msg_store_persistent terminating
** Last message in was {'EXIT',<0.89.0>,shutdown}
** When Server state == {msstate,
                            "/Users/leondo/Desktop/rabbitmq_server-3.6.12/var/lib/rabbitmq/mnesia/rabbit@Leons-MBP/msg_store_persistent",
                            rabbit_msg_store_ets_index,
                            {state,6357084,
                                "/Users/leondo/Desktop/rabbitmq_server-3.6.12/var/lib/rabbitmq/mnesia/rabbit@Leons-MBP/msg_store_persistent"},
                            0,#Ref<0.0.0.1200>,
                            {dict,0,16,16,8,80,48,
                                {[],[],[],[],[],[],[],[],[],[],[],[],[],[],[],
                                 []},
                                {{[],[],[],[],[],[],[],[],[],[],[],[],[],[],
                                  [],[]}}},
                            undefined,0,0,[],<0.314.0>,6422621,6291547,
                            6488158,6553695,
                            {set,0,16,16,8,80,48,
                                {[],[],[],[],[],[],[],[],[],[],[],[],[],[],[],
                                 []},
                                {{[],[],[],[],[],[],[],[],[],[],[],[],[],[],
                                  [],[]}}},
                            6619232,
                            {dict,0,16,16,8,80,48,
                                {[],[],[],[],[],[],[],[],[],[],[],[],[],[],[],
                                 []},
                                {{[],[],[],[],[],[],[],[],[],[],[],[],[],[],
                                  [],[]}}},
                            false,16777216,
                            {dict,0,16,16,8,80,48,
                                {[],[],[],[],[],[],[],[],[],[],[],[],[],[],[],
                                 []},
                                {{[],[],[],[],[],[],[],[],[],[],[],[],[],[],
                                  [],[]}}},
                            {4000,800}}
** Reason for termination == 
** {{badmatch,{error,{file_error,"/Users/leondo/Desktop/rabbitmq_server-3.6.12/var/lib/rabbitmq/mnesia/rabbit@Leons-MBP/msg_store_persistent/file_summary.ets",
                                 enoent}}},
    [{rabbit_msg_store,store_file_summary,2,
                       [{file,"src/rabbit_msg_store.erl"},{line,1587}]},
     {rabbit_msg_store,terminate,2,
                       [{file,"src/rabbit_msg_store.erl"},{line,999}]},
     {gen_server2,terminate,3,[{file,"src/gen_server2.erl"},{line,1156}]},
     {proc_lib,wake_up,3,[{file,"proc_lib.erl"},{line,247}]}]}
** In 'terminate' callback with reason ==
** shutdown

=INFO REPORT==== 25-Oct-2017::15:48:18 ===
Stopping message store for directory '/Users/leondo/Desktop/rabbitmq_server-3.6.12/var/lib/rabbitmq/mnesia/rabbit@Leons-MBP/msg_store_transient'
=ERROR REPORT==== 25-Oct-2017::15:48:18 ===
** Generic server msg_store_transient terminating
** Last message in was {'EXIT',<0.89.0>,shutdown}
** When Server state == {msstate,
                            "/Users/leondo/Desktop/rabbitmq_server-3.6.12/var/lib/rabbitmq/mnesia/rabbit@Leons-MBP/msg_store_transient",
                            rabbit_msg_store_ets_index,
                            {state,5963862,
                                "/Users/leondo/Desktop/rabbitmq_server-3.6.12/var/lib/rabbitmq/mnesia/rabbit@Leons-MBP/msg_store_transient"},
                            0,#Ref<0.0.0.1174>,
                            {dict,0,16,16,8,80,48,
                                {[],[],[],[],[],[],[],[],[],[],[],[],[],[],[],
                                 []},
                                {{[],[],[],[],[],[],[],[],[],[],[],[],[],[],
                                  [],[]}}},
                            undefined,0,0,[],<0.309.0>,6029399,5898325,
                            6094936,6160473,
                            {set,0,16,16,8,80,48,
                                {[],[],[],[],[],[],[],[],[],[],[],[],[],[],[],
                                 []},
                                {{[],[],[],[],[],[],[],[],[],[],[],[],[],[],
                                  [],[]}}},
                            6226010,
                            {dict,1,16,16,8,80,48,
                                {[],[],[],[],[],[],[],[],[],[],[],[],[],[],[],
                                 []},
                                {{[],[],[],[],[],[],[],[],[],[],[],[],
                                  [[<<196,110,185,155,93,47,252,214,209,48,
                                      167,162,176,80,165,203>>|
                                    {<0.385.0>,undefined,
                                     #Fun<rabbit_variable_queue.20.130150970>}]],
                                  [],[],[]}}},
                            false,16777216,
                            {dict,0,16,16,8,80,48,
                                {[],[],[],[],[],[],[],[],[],[],[],[],[],[],[],
                                 []},
                                {{[],[],[],[],[],[],[],[],[],[],[],[],[],[],
                                  [],[]}}},
                            {4000,800}}
** Reason for termination == 
** {{badmatch,{error,{file_error,"/Users/leondo/Desktop/rabbitmq_server-3.6.12/var/lib/rabbitmq/mnesia/rabbit@Leons-MBP/msg_store_transient/file_summary.ets",
                                 enoent}}},
    [{rabbit_msg_store,store_file_summary,2,
                       [{file,"src/rabbit_msg_store.erl"},{line,1587}]},
     {rabbit_msg_store,terminate,2,
                       [{file,"src/rabbit_msg_store.erl"},{line,999}]},
     {gen_server2,terminate,3,[{file,"src/gen_server2.erl"},{line,1156}]},
     {proc_lib,wake_up,3,[{file,"proc_lib.erl"},{line,247}]}]}
** In 'terminate' callback with reason ==
** shutdown

=INFO REPORT==== 25-Oct-2017::15:48:18 ===
Stopping application 'mnesia'
=INFO REPORT==== 25-Oct-2017::15:48:18 ===
Stopping application 'rabbit_common'
=INFO REPORT==== 25-Oct-2017::15:48:18 ===
Stopping application 'os_mon'
=INFO REPORT==== 25-Oct-2017::15:48:18 ===
Successfully stopped RabbitMQ and its dependencies

=INFO REPORT==== 25-Oct-2017::15:48:18 ===
Halting Erlang VM with the following applications:
    ranch
    ssl
    public_key
    crypto
    compiler
    xmerl
    syntax_tools
    asn1
    sasl
    stdlib
    kernel

=INFO REPORT==== 25-Oct-2017::15:48:42 ===
Starting RabbitMQ 3.6.12 on Erlang 17.5
Copyright (C) 2007-2017 Pivotal Software, Inc.
Licensed under the MPL.  See http://www.rabbitmq.com/

=INFO REPORT==== 25-Oct-2017::15:48:42 ===
node           : rabbit@Leons-MBP
home dir       : /Users/leondo
config file(s) : /Users/leondo/Documents/rabbitmq_server-3.6.12/etc/rabbitmq/rabbitmq.config (not found)
cookie hash    : HwMEIH2dKC6nkoHJ0Ksh+w==
log            : /Users/leondo/Documents/rabbitmq_server-3.6.12/var/log/rabbitmq/rabbit@Leons-MBP.log
sasl log       : /Users/leondo/Documents/rabbitmq_server-3.6.12/var/log/rabbitmq/rabbit@Leons-MBP-sasl.log
database dir   : /Users/leondo/Documents/rabbitmq_server-3.6.12/var/lib/rabbitmq/mnesia/rabbit@Leons-MBP

=INFO REPORT==== 25-Oct-2017::15:48:42 ===
Memory high watermark set to 6553 MiB (6871947673 bytes) of 16384 MiB (17179869184 bytes) total

=INFO REPORT==== 25-Oct-2017::15:48:42 ===
Enabling free disk space monitoring

=INFO REPORT==== 25-Oct-2017::15:48:42 ===
Disk free limit set to 50MB

=INFO REPORT==== 25-Oct-2017::15:48:42 ===
Limiting to approx 7068 file handles (6359 sockets)

=INFO REPORT==== 25-Oct-2017::15:48:42 ===
FHC read buffering:  OFF
FHC write buffering: ON

=INFO REPORT==== 25-Oct-2017::15:48:42 ===
Waiting for Mnesia tables for 30000 ms, 9 retries left

=INFO REPORT==== 25-Oct-2017::15:48:43 ===
Waiting for Mnesia tables for 30000 ms, 9 retries left

=INFO REPORT==== 25-Oct-2017::15:48:43 ===
Priority queues enabled, real BQ is rabbit_variable_queue

=INFO REPORT==== 25-Oct-2017::15:48:43 ===
Starting rabbit_node_monitor

=INFO REPORT==== 25-Oct-2017::15:48:43 ===
msg_store_transient: using rabbit_msg_store_ets_index to provide index

=INFO REPORT==== 25-Oct-2017::15:48:43 ===
msg_store_persistent: using rabbit_msg_store_ets_index to provide index

=WARNING REPORT==== 25-Oct-2017::15:48:43 ===
msg_store_persistent: rebuilding indices from scratch

=INFO REPORT==== 25-Oct-2017::15:48:43 ===
started TCP Listener on [::]:5672

=INFO REPORT==== 25-Oct-2017::15:48:43 ===
Server startup complete; 0 plugins started.

=INFO REPORT==== 25-Oct-2017::15:53:14 ===
accepting AMQP connection <0.699.0> (127.0.0.1:50274 -> 127.0.0.1:5672)

=INFO REPORT==== 25-Oct-2017::15:53:14 ===
connection <0.699.0> (127.0.0.1:50274 -> 127.0.0.1:5672): user 'guest' authenticated and granted access to vhost '/'

=INFO REPORT==== 25-Oct-2017::15:54:04 ===
closing AMQP connection <0.699.0> (127.0.0.1:50274 -> 127.0.0.1:5672, vhost: '/', user: 'guest')

=INFO REPORT==== 25-Oct-2017::15:54:38 ===
accepting AMQP connection <0.844.0> (127.0.0.1:50340 -> 127.0.0.1:5672)

=INFO REPORT==== 25-Oct-2017::15:54:38 ===
connection <0.844.0> (127.0.0.1:50340 -> 127.0.0.1:5672): user 'guest' authenticated and granted access to vhost '/'

=INFO REPORT==== 25-Oct-2017::15:55:12 ===
accepting AMQP connection <0.907.0> (127.0.0.1:50365 -> 127.0.0.1:5672)

=INFO REPORT==== 25-Oct-2017::15:55:12 ===
connection <0.907.0> (127.0.0.1:50365 -> 127.0.0.1:5672): user 'guest' authenticated and granted access to vhost '/'

=INFO REPORT==== 25-Oct-2017::15:56:02 ===
closing AMQP connection <0.907.0> (127.0.0.1:50365 -> 127.0.0.1:5672, vhost: '/', user: 'guest')

=INFO REPORT==== 25-Oct-2017::16:01:06 ===
accepting AMQP connection <0.1457.0> (127.0.0.1:50659 -> 127.0.0.1:5672)

=INFO REPORT==== 25-Oct-2017::16:01:06 ===
connection <0.1457.0> (127.0.0.1:50659 -> 127.0.0.1:5672): user 'guest' authenticated and granted access to vhost '/'

=WARNING REPORT==== 25-Oct-2017::16:01:09 ===
closing AMQP connection <0.1457.0> (127.0.0.1:50659 -> 127.0.0.1:5672, vhost: '/', user: 'guest'):
client unexpectedly closed TCP connection

=INFO REPORT==== 25-Oct-2017::16:01:09 ===
accepting AMQP connection <0.1474.0> (127.0.0.1:50663 -> 127.0.0.1:5672)

=INFO REPORT==== 25-Oct-2017::16:01:09 ===
connection <0.1474.0> (127.0.0.1:50663 -> 127.0.0.1:5672): user 'guest' authenticated and granted access to vhost '/'

=WARNING REPORT==== 25-Oct-2017::16:01:27 ===
closing AMQP connection <0.1474.0> (127.0.0.1:50663 -> 127.0.0.1:5672, vhost: '/', user: 'guest'):
client unexpectedly closed TCP connection

=INFO REPORT==== 25-Oct-2017::16:01:27 ===
accepting AMQP connection <0.1514.0> (127.0.0.1:50677 -> 127.0.0.1:5672)

=INFO REPORT==== 25-Oct-2017::16:01:27 ===
connection <0.1514.0> (127.0.0.1:50677 -> 127.0.0.1:5672): user 'guest' authenticated and granted access to vhost '/'

=INFO REPORT==== 25-Oct-2017::16:02:17 ===
closing AMQP connection <0.1514.0> (127.0.0.1:50677 -> 127.0.0.1:5672, vhost: '/', user: 'guest')

=INFO REPORT==== 25-Oct-2017::16:24:28 ===
accepting AMQP connection <0.3617.0> (127.0.0.1:52333 -> 127.0.0.1:5672)

=INFO REPORT==== 25-Oct-2017::16:24:28 ===
connection <0.3617.0> (127.0.0.1:52333 -> 127.0.0.1:5672): user 'guest' authenticated and granted access to vhost '/'

=WARNING REPORT==== 25-Oct-2017::16:24:35 ===
closing AMQP connection <0.3617.0> (127.0.0.1:52333 -> 127.0.0.1:5672, vhost: '/', user: 'guest'):
client unexpectedly closed TCP connection

=INFO REPORT==== 25-Oct-2017::16:24:35 ===
accepting AMQP connection <0.3644.0> (127.0.0.1:52340 -> 127.0.0.1:5672)

=INFO REPORT==== 25-Oct-2017::16:24:35 ===
connection <0.3644.0> (127.0.0.1:52340 -> 127.0.0.1:5672): user 'guest' authenticated and granted access to vhost '/'

=WARNING REPORT==== 25-Oct-2017::16:24:54 ===
closing AMQP connection <0.3644.0> (127.0.0.1:52340 -> 127.0.0.1:5672, vhost: '/', user: 'guest'):
client unexpectedly closed TCP connection

=INFO REPORT==== 25-Oct-2017::16:24:54 ===
accepting AMQP connection <0.3687.0> (127.0.0.1:52357 -> 127.0.0.1:5672)

=INFO REPORT==== 25-Oct-2017::16:24:54 ===
connection <0.3687.0> (127.0.0.1:52357 -> 127.0.0.1:5672): user 'guest' authenticated and granted access to vhost '/'

=INFO REPORT==== 25-Oct-2017::16:25:44 ===
closing AMQP connection <0.3687.0> (127.0.0.1:52357 -> 127.0.0.1:5672, vhost: '/', user: 'guest')

=INFO REPORT==== 25-Oct-2017::16:25:57 ===
accepting AMQP connection <0.3795.0> (127.0.0.1:52405 -> 127.0.0.1:5672)

=INFO REPORT==== 25-Oct-2017::16:25:57 ===
connection <0.3795.0> (127.0.0.1:52405 -> 127.0.0.1:5672): user 'guest' authenticated and granted access to vhost '/'

=INFO REPORT==== 25-Oct-2017::16:26:47 ===
closing AMQP connection <0.3795.0> (127.0.0.1:52405 -> 127.0.0.1:5672, vhost: '/', user: 'guest')

=INFO REPORT==== 25-Oct-2017::16:32:15 ===
accepting AMQP connection <0.4379.0> (127.0.0.1:52814 -> 127.0.0.1:5672)

=INFO REPORT==== 25-Oct-2017::16:32:15 ===
connection <0.4379.0> (127.0.0.1:52814 -> 127.0.0.1:5672): user 'guest' authenticated and granted access to vhost '/'

=WARNING REPORT==== 25-Oct-2017::16:33:02 ===
closing AMQP connection <0.4379.0> (127.0.0.1:52814 -> 127.0.0.1:5672, vhost: '/', user: 'guest'):
client unexpectedly closed TCP connection

=INFO REPORT==== 25-Oct-2017::16:33:02 ===
accepting AMQP connection <0.4465.0> (127.0.0.1:52865 -> 127.0.0.1:5672)

=INFO REPORT==== 25-Oct-2017::16:33:02 ===
connection <0.4465.0> (127.0.0.1:52865 -> 127.0.0.1:5672): user 'guest' authenticated and granted access to vhost '/'

=WARNING REPORT==== 25-Oct-2017::16:33:06 ===
closing AMQP connection <0.4465.0> (127.0.0.1:52865 -> 127.0.0.1:5672, vhost: '/', user: 'guest'):
client unexpectedly closed TCP connection

=INFO REPORT==== 25-Oct-2017::16:33:07 ===
accepting AMQP connection <0.4485.0> (127.0.0.1:52868 -> 127.0.0.1:5672)

=INFO REPORT==== 25-Oct-2017::16:33:07 ===
connection <0.4485.0> (127.0.0.1:52868 -> 127.0.0.1:5672): user 'guest' authenticated and granted access to vhost '/'

=WARNING REPORT==== 25-Oct-2017::16:33:45 ===
closing AMQP connection <0.4485.0> (127.0.0.1:52868 -> 127.0.0.1:5672, vhost: '/', user: 'guest'):
client unexpectedly closed TCP connection

=INFO REPORT==== 25-Oct-2017::16:33:45 ===
accepting AMQP connection <0.4557.0> (127.0.0.1:52906 -> 127.0.0.1:5672)

=INFO REPORT==== 25-Oct-2017::16:33:45 ===
connection <0.4557.0> (127.0.0.1:52906 -> 127.0.0.1:5672): user 'guest' authenticated and granted access to vhost '/'

=INFO REPORT==== 25-Oct-2017::16:34:35 ===
closing AMQP connection <0.4557.0> (127.0.0.1:52906 -> 127.0.0.1:5672, vhost: '/', user: 'guest')

=INFO REPORT==== 25-Oct-2017::16:36:41 ===
accepting AMQP connection <0.4834.0> (127.0.0.1:53068 -> 127.0.0.1:5672)

=INFO REPORT==== 25-Oct-2017::16:36:41 ===
connection <0.4834.0> (127.0.0.1:53068 -> 127.0.0.1:5672): user 'guest' authenticated and granted access to vhost '/'

=INFO REPORT==== 25-Oct-2017::16:37:31 ===
closing AMQP connection <0.4834.0> (127.0.0.1:53068 -> 127.0.0.1:5672, vhost: '/', user: 'guest')

=WARNING REPORT==== 25-Oct-2017::16:46:17 ===
closing AMQP connection <0.844.0> (127.0.0.1:50340 -> 127.0.0.1:5672, vhost: '/', user: 'guest'):
client unexpectedly closed TCP connection

=ERROR REPORT==== 25-Oct-2017::16:47:08 ===
** Generic server rabbit_disk_monitor terminating 
** Last message in was update
** When Server state == {state,"/Users/leondo/Documents/rabbitmq_server-3.6.12/var/lib/rabbitmq/mnesia/rabbit@Leons-MBP",
                               50000000,356241715200,100,10000,
                               #Ref<0.0.0.28094>,false,true,10,120000}
** Reason for termination == 
** {{unparseable,[]},
    [{rabbit_disk_monitor,parse_free_unix,1,
                          [{file,"src/rabbit_disk_monitor.erl"},{line,230}]},
     {rabbit_disk_monitor,internal_update,1,
                          [{file,"src/rabbit_disk_monitor.erl"},{line,197}]},
     {rabbit_disk_monitor,handle_info,2,
                          [{file,"src/rabbit_disk_monitor.erl"},{line,169}]},
     {gen_server,try_dispatch,4,[{file,"gen_server.erl"},{line,593}]},
     {gen_server,handle_msg,5,[{file,"gen_server.erl"},{line,659}]},
     {proc_lib,init_p_do_apply,3,[{file,"proc_lib.erl"},{line,237}]}]}

=WARNING REPORT==== 25-Oct-2017::16:47:08 ===
Failed to get total system memory: 
badarg
[{erlang,list_to_integer,[[]],[]},
 {vm_memory_monitor,sysctl,1,[{file,"src/vm_memory_monitor.erl"},{line,509}]},
 {vm_memory_monitor,get_total_memory_from_os,0,
                    [{file,"src/vm_memory_monitor.erl"},{line,275}]},
 {rabbit_disk_monitor,enable,1,
                      [{file,"src/rabbit_disk_monitor.erl"},{line,274}]},
 {rabbit_disk_monitor,init,1,
                      [{file,"src/rabbit_disk_monitor.erl"},{line,132}]},
 {gen_server,init_it,6,[{file,"gen_server.erl"},{line,306}]},
 {proc_lib,init_p_do_apply,3,[{file,"proc_lib.erl"},{line,237}]}]

=INFO REPORT==== 25-Oct-2017::16:47:08 ===
ERROR: "Free disk space monitor encountered an error (e.g. failed to parse output from OS tools): ~p, retries left: ~s~n" - [{{'EXIT',
                                                                                                                                                        {unparseable,
                                                                                                                                                         []}},
                                                                                                                                                       unknown},
                                                                                                                                                      10]

=ERROR REPORT==== 25-Oct-2017::16:47:08 ===
** Generic server <0.28.0> terminating 
** Last message in was {'EXIT',<0.29.0>,eio}
** When Server state == {state,user_sup,undefined,<0.29.0>,
                               {<0.28.0>,user_sup}}
** Reason for termination == 
** eio
