
=CRASH REPORT==== 11-Nov-2017::20:55:15 ===
  crasher:
    initial call: rabbit_disk_monitor:init/1
    pid: <0.156.0>
    registered_name: rabbit_disk_monitor
    exception exit: {unparseable,[]}
      in function  gen_server:terminate/7 (gen_server.erl, line 804)
    ancestors: [rabbit_disk_monitor_sup,rabbit_sup,<0.142.0>]
    messages: []
    links: [<0.155.0>]
    dictionary: []
    trap_exit: false
    status: running
    heap_size: 2586
    stack_size: 27
    reductions: 489370
  neighbours:

=SUPERVISOR REPORT==== 11-Nov-2017::20:55:15 ===
     Supervisor: {local,rabbit_disk_monitor_sup}
     Context:    child_terminated
     Reason:     {unparseable,[]}
     Offender:   [{pid,<0.156.0>},
                  {name,rabbit_disk_monitor},
                  {mfargs,{rabbit_disk_monitor,start_link,[50000000]}},
                  {restart_type,{transient,1}},
                  {shutdown,30000},
                  {child_type,worker}]

